<?xml version="1.0" encoding="UTF-8"?>
<!-- Generated by org.testng.reporters.JUnitReportReporter -->
<testsuite hostname="CDLVDIW700185" name="com.adp.autopay.automation.cucumberRunner.RunCukesByCompositionTest" tests="1" failures="0" timestamp="24 Feb 2017 13:48:23 GMT" time="10.014" errors="0">
  <testcase name="runCukes" time="10.014" classname="com.adp.autopay.automation.cucumberRunner.RunCukesByCompositionTest"/>
</testsuite> <!-- com.adp.autopay.automation.cucumberRunner.RunCukesByCompositionTest -->
